<?xml version="1.0" encoding="UTF-8"?>
<testsuite name="D:/TheTestingAcademy/ATB6X/ApiTesting/APIAutomationRestfulBooker"
           tests="4"
           failures="0"
           errors="0"
           skipped="0"
           time="9.006">
    <properties></properties>



            <testcase
                name="testVerifyBookingDetails"
                time="1.439"
                classname="com.apiautomation.tests.integration.testIntegration">
            </testcase>
            <testcase
                name="testUpdateBookingById"
                time="1.399"
                classname="com.apiautomation.tests.integration.testIntegration">
            </testcase>
            <testcase
                name="testDeleteBookingById"
                time="1.458"
                classname="com.apiautomation.tests.integration.testIntegration">
            </testcase>
            <testcase
                name="testCreateBooking"
                time="4.710"
                classname="com.apiautomation.tests.integration.testIntegration">
            </testcase>
</testsuite>
